Warning: Variable 'ae' is being read 
	in routine eACS_213 line 68 in file '/emc/joshea/JOS/Verilog/Vit_e213/src/eACS_213.v',
	but does not occur in the timing control of the block which begins
	there.   (HDL-180)

Inferred memory devices in process 
	in routine eACS_213 line 40 in file
         '/emc/joshea/JOS/Verilog/Vit_e213/src/eACS_213.v'.
===============================================================================
|    Register Name    |   Type    | Width | Bus | MB | AR | AS | SR | SS | ST |
===============================================================================
|      suma_reg       | Flip-flop |   4   |  Y  | N  | Y  | N  | N  | N  | N  |
===============================================================================

suma_reg (width 4)
------------------
    Async-reset: reset



Inferred memory devices in process 
	in routine eACS_213 line 53 in file
         '/emc/joshea/JOS/Verilog/Vit_e213/src/eACS_213.v'.
===============================================================================
|    Register Name    |   Type    | Width | Bus | MB | AR | AS | SR | SS | ST |
===============================================================================
|      sumb_reg       | Flip-flop |   4   |  Y  | N  | Y  | N  | N  | N  | N  |
===============================================================================

sumb_reg (width 4)
------------------
    Async-reset: reset


Writing to hnl file './eVITERBI_213_proj/workdirs/WORK/eACS_213.hnl'
